Fri Aug 01 00:56:53 YEKT 2014 Thread[qtp927327686-32,5,main] Cleanup action starting
ERROR XBM0J: Directory /Users/dns/git/PhoneBook/war/phonebook already exists.
	at org.apache.derby.iapi.error.StandardException.newException(Unknown Source)
	at org.apache.derby.impl.services.monitor.StorageFactoryService$10.run(Unknown Source)
	at java.security.AccessController.doPrivileged(Native Method)
	at org.apache.derby.impl.services.monitor.StorageFactoryService.createServiceRoot(Unknown Source)
	at org.apache.derby.impl.services.monitor.BaseMonitor.bootService(Unknown Source)
	at org.apache.derby.impl.services.monitor.BaseMonitor.createPersistentService(Unknown Source)
	at org.apache.derby.iapi.services.monitor.Monitor.createPersistentService(Unknown Source)
	at org.apache.derby.impl.jdbc.EmbedConnection.createDatabase(Unknown Source)
	at org.apache.derby.impl.jdbc.EmbedConnection.<init>(Unknown Source)
	at org.apache.derby.impl.jdbc.EmbedConnection40.<init>(Unknown Source)
	at org.apache.derby.jdbc.Driver40.getNewEmbedConnection(Unknown Source)
	at org.apache.derby.jdbc.InternalDriver.connect(Unknown Source)
	at org.apache.derby.jdbc.Driver20.connect(Unknown Source)
	at org.apache.derby.jdbc.AutoloadedDriver.connect(Unknown Source)
	at java.sql.DriverManager.getConnection(DriverManager.java:664)
	at java.sql.DriverManager.getConnection(DriverManager.java:270)
	at ru.rs.testcase.phones.server.data.JdbcHelper.getConnection(JdbcHelper.java:36)
	at ru.rs.testcase.phones.server.data.JdbcHelper.init(JdbcHelper.java:54)
	at ru.rs.testcase.phones.server.data.JdbcHelper.<init>(JdbcHelper.java:23)
	at ru.rs.testcase.phones.server.data.ContactsDaoImpl.<init>(ContactsDaoImpl.java:16)
	at ru.rs.testcase.phones.server.rpc.handlers.GetContactsHandler.execute(GetContactsHandler.java:25)
	at ru.rs.testcase.phones.server.rpc.handlers.GetContactsHandler.execute(GetContactsHandler.java:1)
	at net.customware.gwt.dispatch.server.AbstractDispatch.doExecute(AbstractDispatch.java:81)
	at net.customware.gwt.dispatch.server.AbstractDispatch.execute(AbstractDispatch.java:68)
	at ru.rs.testcase.phones.server.rpc.DispatcherServlet.execute(DispatcherServlet.java:39)
	at sun.reflect.NativeMethodAccessorImpl.invoke0(Native Method)
	at sun.reflect.NativeMethodAccessorImpl.invoke(NativeMethodAccessorImpl.java:62)
	at sun.reflect.DelegatingMethodAccessorImpl.invoke(DelegatingMethodAccessorImpl.java:43)
	at java.lang.reflect.Method.invoke(Method.java:483)
	at com.google.gwt.user.server.rpc.RPC.invokeAndEncodeResponse(RPC.java:561)
	at com.google.gwt.user.server.rpc.RemoteServiceServlet.processCall(RemoteServiceServlet.java:265)
	at com.google.gwt.user.server.rpc.RemoteServiceServlet.processPost(RemoteServiceServlet.java:305)
	at com.google.gwt.user.server.rpc.AbstractRemoteServiceServlet.doPost(AbstractRemoteServiceServlet.java:62)
	at javax.servlet.http.HttpServlet.service(HttpServlet.java:755)
	at javax.servlet.http.HttpServlet.service(HttpServlet.java:848)
	at org.eclipse.jetty.servlet.ServletHolder.handle(ServletHolder.java:686)
	at org.eclipse.jetty.servlet.ServletHandler.doHandle(ServletHandler.java:501)
	at org.eclipse.jetty.server.handler.ScopedHandler.handle(ScopedHandler.java:137)
	at org.eclipse.jetty.security.SecurityHandler.handle(SecurityHandler.java:557)
	at org.eclipse.jetty.server.session.SessionHandler.doHandle(SessionHandler.java:231)
	at org.eclipse.jetty.server.handler.ContextHandler.doHandle(ContextHandler.java:1086)
	at org.eclipse.jetty.servlet.ServletHandler.doScope(ServletHandler.java:428)
	at org.eclipse.jetty.server.session.SessionHandler.doScope(SessionHandler.java:193)
	at org.eclipse.jetty.server.handler.ContextHandler.doScope(ContextHandler.java:1020)
	at org.eclipse.jetty.server.handler.ScopedHandler.handle(ScopedHandler.java:135)
	at org.eclipse.jetty.server.handler.HandlerWrapper.handle(HandlerWrapper.java:116)
	at org.eclipse.jetty.server.handler.RequestLogHandler.handle(RequestLogHandler.java:68)
	at org.eclipse.jetty.server.handler.HandlerWrapper.handle(HandlerWrapper.java:116)
	at org.eclipse.jetty.server.Server.handle(Server.java:370)
	at org.eclipse.jetty.server.AbstractHttpConnection.handleRequest(AbstractHttpConnection.java:489)
	at org.eclipse.jetty.server.AbstractHttpConnection.content(AbstractHttpConnection.java:960)
	at org.eclipse.jetty.server.AbstractHttpConnection$RequestHandler.content(AbstractHttpConnection.java:1021)
	at org.eclipse.jetty.http.HttpParser.parseNext(HttpParser.java:865)
	at org.eclipse.jetty.http.HttpParser.parseAvailable(HttpParser.java:240)
	at org.eclipse.jetty.server.AsyncHttpConnection.handle(AsyncHttpConnection.java:82)
	at org.eclipse.jetty.io.nio.SelectChannelEndPoint.handle(SelectChannelEndPoint.java:668)
	at org.eclipse.jetty.io.nio.SelectChannelEndPoint$1.run(SelectChannelEndPoint.java:52)
	at org.eclipse.jetty.util.thread.QueuedThreadPool.runJob(QueuedThreadPool.java:608)
	at org.eclipse.jetty.util.thread.QueuedThreadPool$3.run(QueuedThreadPool.java:543)
	at java.lang.Thread.run(Thread.java:745)
Cleanup action completed
Fri Aug 01 00:56:53 YEKT 2014 Thread[qtp927327686-32,5,main] Cleanup action starting
java.sql.SQLException: Failed to create database 'phonebook', see the next exception for details.
	at org.apache.derby.impl.jdbc.SQLExceptionFactory40.getSQLException(Unknown Source)
	at org.apache.derby.impl.jdbc.Util.newEmbedSQLException(Unknown Source)
	at org.apache.derby.impl.jdbc.Util.seeNextException(Unknown Source)
	at org.apache.derby.impl.jdbc.EmbedConnection.createDatabase(Unknown Source)
	at org.apache.derby.impl.jdbc.EmbedConnection.<init>(Unknown Source)
	at org.apache.derby.impl.jdbc.EmbedConnection40.<init>(Unknown Source)
	at org.apache.derby.jdbc.Driver40.getNewEmbedConnection(Unknown Source)
	at org.apache.derby.jdbc.InternalDriver.connect(Unknown Source)
	at org.apache.derby.jdbc.Driver20.connect(Unknown Source)
	at org.apache.derby.jdbc.AutoloadedDriver.connect(Unknown Source)
	at java.sql.DriverManager.getConnection(DriverManager.java:664)
	at java.sql.DriverManager.getConnection(DriverManager.java:270)
	at ru.rs.testcase.phones.server.data.JdbcHelper.getConnection(JdbcHelper.java:36)
	at ru.rs.testcase.phones.server.data.JdbcHelper.init(JdbcHelper.java:54)
	at ru.rs.testcase.phones.server.data.JdbcHelper.<init>(JdbcHelper.java:23)
	at ru.rs.testcase.phones.server.data.ContactsDaoImpl.<init>(ContactsDaoImpl.java:16)
	at ru.rs.testcase.phones.server.rpc.handlers.GetContactsHandler.execute(GetContactsHandler.java:25)
	at ru.rs.testcase.phones.server.rpc.handlers.GetContactsHandler.execute(GetContactsHandler.java:1)
	at net.customware.gwt.dispatch.server.AbstractDispatch.doExecute(AbstractDispatch.java:81)
	at net.customware.gwt.dispatch.server.AbstractDispatch.execute(AbstractDispatch.java:68)
	at ru.rs.testcase.phones.server.rpc.DispatcherServlet.execute(DispatcherServlet.java:39)
	at sun.reflect.NativeMethodAccessorImpl.invoke0(Native Method)
	at sun.reflect.NativeMethodAccessorImpl.invoke(NativeMethodAccessorImpl.java:62)
	at sun.reflect.DelegatingMethodAccessorImpl.invoke(DelegatingMethodAccessorImpl.java:43)
	at java.lang.reflect.Method.invoke(Method.java:483)
	at com.google.gwt.user.server.rpc.RPC.invokeAndEncodeResponse(RPC.java:561)
	at com.google.gwt.user.server.rpc.RemoteServiceServlet.processCall(RemoteServiceServlet.java:265)
	at com.google.gwt.user.server.rpc.RemoteServiceServlet.processPost(RemoteServiceServlet.java:305)
	at com.google.gwt.user.server.rpc.AbstractRemoteServiceServlet.doPost(AbstractRemoteServiceServlet.java:62)
	at javax.servlet.http.HttpServlet.service(HttpServlet.java:755)
	at javax.servlet.http.HttpServlet.service(HttpServlet.java:848)
	at org.eclipse.jetty.servlet.ServletHolder.handle(ServletHolder.java:686)
	at org.eclipse.jetty.servlet.ServletHandler.doHandle(ServletHandler.java:501)
	at org.eclipse.jetty.server.handler.ScopedHandler.handle(ScopedHandler.java:137)
	at org.eclipse.jetty.security.SecurityHandler.handle(SecurityHandler.java:557)
	at org.eclipse.jetty.server.session.SessionHandler.doHandle(SessionHandler.java:231)
	at org.eclipse.jetty.server.handler.ContextHandler.doHandle(ContextHandler.java:1086)
	at org.eclipse.jetty.servlet.ServletHandler.doScope(ServletHandler.java:428)
	at org.eclipse.jetty.server.session.SessionHandler.doScope(SessionHandler.java:193)
	at org.eclipse.jetty.server.handler.ContextHandler.doScope(ContextHandler.java:1020)
	at org.eclipse.jetty.server.handler.ScopedHandler.handle(ScopedHandler.java:135)
	at org.eclipse.jetty.server.handler.HandlerWrapper.handle(HandlerWrapper.java:116)
	at org.eclipse.jetty.server.handler.RequestLogHandler.handle(RequestLogHandler.java:68)
	at org.eclipse.jetty.server.handler.HandlerWrapper.handle(HandlerWrapper.java:116)
	at org.eclipse.jetty.server.Server.handle(Server.java:370)
	at org.eclipse.jetty.server.AbstractHttpConnection.handleRequest(AbstractHttpConnection.java:489)
	at org.eclipse.jetty.server.AbstractHttpConnection.content(AbstractHttpConnection.java:960)
	at org.eclipse.jetty.server.AbstractHttpConnection$RequestHandler.content(AbstractHttpConnection.java:1021)
	at org.eclipse.jetty.http.HttpParser.parseNext(HttpParser.java:865)
	at org.eclipse.jetty.http.HttpParser.parseAvailable(HttpParser.java:240)
	at org.eclipse.jetty.server.AsyncHttpConnection.handle(AsyncHttpConnection.java:82)
	at org.eclipse.jetty.io.nio.SelectChannelEndPoint.handle(SelectChannelEndPoint.java:668)
	at org.eclipse.jetty.io.nio.SelectChannelEndPoint$1.run(SelectChannelEndPoint.java:52)
	at org.eclipse.jetty.util.thread.QueuedThreadPool.runJob(QueuedThreadPool.java:608)
	at org.eclipse.jetty.util.thread.QueuedThreadPool$3.run(QueuedThreadPool.java:543)
	at java.lang.Thread.run(Thread.java:745)
Caused by: java.sql.SQLException: Failed to create database 'phonebook', see the next exception for details.
	at org.apache.derby.impl.jdbc.SQLExceptionFactory.getSQLException(Unknown Source)
	at org.apache.derby.impl.jdbc.SQLExceptionFactory40.wrapArgsForTransportAcrossDRDA(Unknown Source)
	... 56 more
Caused by: java.sql.SQLException: Directory /Users/dns/git/PhoneBook/war/phonebook already exists.
	at org.apache.derby.impl.jdbc.SQLExceptionFactory.getSQLException(Unknown Source)
	at org.apache.derby.impl.jdbc.SQLExceptionFactory40.wrapArgsForTransportAcrossDRDA(Unknown Source)
	at org.apache.derby.impl.jdbc.SQLExceptionFactory40.getSQLException(Unknown Source)
	at org.apache.derby.impl.jdbc.Util.generateCsSQLException(Unknown Source)
	at org.apache.derby.impl.jdbc.TransactionResourceImpl.wrapInSQLException(Unknown Source)
	at org.apache.derby.impl.jdbc.TransactionResourceImpl.handleException(Unknown Source)
	at org.apache.derby.impl.jdbc.EmbedConnection.handleException(Unknown Source)
	... 53 more
Caused by: ERROR XBM0J: Directory /Users/dns/git/PhoneBook/war/phonebook already exists.
	at org.apache.derby.iapi.error.StandardException.newException(Unknown Source)
	at org.apache.derby.impl.services.monitor.StorageFactoryService$10.run(Unknown Source)
	at java.security.AccessController.doPrivileged(Native Method)
	at org.apache.derby.impl.services.monitor.StorageFactoryService.createServiceRoot(Unknown Source)
	at org.apache.derby.impl.services.monitor.BaseMonitor.bootService(Unknown Source)
	at org.apache.derby.impl.services.monitor.BaseMonitor.createPersistentService(Unknown Source)
	at org.apache.derby.iapi.services.monitor.Monitor.createPersistentService(Unknown Source)
	... 53 more
============= begin nested exception, level (1) ===========
java.sql.SQLException: Directory /Users/dns/git/PhoneBook/war/phonebook already exists.
	at org.apache.derby.impl.jdbc.SQLExceptionFactory40.getSQLException(Unknown Source)
	at org.apache.derby.impl.jdbc.Util.generateCsSQLException(Unknown Source)
	at org.apache.derby.impl.jdbc.TransactionResourceImpl.wrapInSQLException(Unknown Source)
	at org.apache.derby.impl.jdbc.TransactionResourceImpl.handleException(Unknown Source)
	at org.apache.derby.impl.jdbc.EmbedConnection.handleException(Unknown Source)
	at org.apache.derby.impl.jdbc.EmbedConnection.createDatabase(Unknown Source)
	at org.apache.derby.impl.jdbc.EmbedConnection.<init>(Unknown Source)
	at org.apache.derby.impl.jdbc.EmbedConnection40.<init>(Unknown Source)
	at org.apache.derby.jdbc.Driver40.getNewEmbedConnection(Unknown Source)
	at org.apache.derby.jdbc.InternalDriver.connect(Unknown Source)
	at org.apache.derby.jdbc.Driver20.connect(Unknown Source)
	at org.apache.derby.jdbc.AutoloadedDriver.connect(Unknown Source)
	at java.sql.DriverManager.getConnection(DriverManager.java:664)
	at java.sql.DriverManager.getConnection(DriverManager.java:270)
	at ru.rs.testcase.phones.server.data.JdbcHelper.getConnection(JdbcHelper.java:36)
	at ru.rs.testcase.phones.server.data.JdbcHelper.init(JdbcHelper.java:54)
	at ru.rs.testcase.phones.server.data.JdbcHelper.<init>(JdbcHelper.java:23)
	at ru.rs.testcase.phones.server.data.ContactsDaoImpl.<init>(ContactsDaoImpl.java:16)
	at ru.rs.testcase.phones.server.rpc.handlers.GetContactsHandler.execute(GetContactsHandler.java:25)
	at ru.rs.testcase.phones.server.rpc.handlers.GetContactsHandler.execute(GetContactsHandler.java:1)
	at net.customware.gwt.dispatch.server.AbstractDispatch.doExecute(AbstractDispatch.java:81)
	at net.customware.gwt.dispatch.server.AbstractDispatch.execute(AbstractDispatch.java:68)
	at ru.rs.testcase.phones.server.rpc.DispatcherServlet.execute(DispatcherServlet.java:39)
	at sun.reflect.NativeMethodAccessorImpl.invoke0(Native Method)
	at sun.reflect.NativeMethodAccessorImpl.invoke(NativeMethodAccessorImpl.java:62)
	at sun.reflect.DelegatingMethodAccessorImpl.invoke(DelegatingMethodAccessorImpl.java:43)
	at java.lang.reflect.Method.invoke(Method.java:483)
	at com.google.gwt.user.server.rpc.RPC.invokeAndEncodeResponse(RPC.java:561)
	at com.google.gwt.user.server.rpc.RemoteServiceServlet.processCall(RemoteServiceServlet.java:265)
	at com.google.gwt.user.server.rpc.RemoteServiceServlet.processPost(RemoteServiceServlet.java:305)
	at com.google.gwt.user.server.rpc.AbstractRemoteServiceServlet.doPost(AbstractRemoteServiceServlet.java:62)
	at javax.servlet.http.HttpServlet.service(HttpServlet.java:755)
	at javax.servlet.http.HttpServlet.service(HttpServlet.java:848)
	at org.eclipse.jetty.servlet.ServletHolder.handle(ServletHolder.java:686)
	at org.eclipse.jetty.servlet.ServletHandler.doHandle(ServletHandler.java:501)
	at org.eclipse.jetty.server.handler.ScopedHandler.handle(ScopedHandler.java:137)
	at org.eclipse.jetty.security.SecurityHandler.handle(SecurityHandler.java:557)
	at org.eclipse.jetty.server.session.SessionHandler.doHandle(SessionHandler.java:231)
	at org.eclipse.jetty.server.handler.ContextHandler.doHandle(ContextHandler.java:1086)
	at org.eclipse.jetty.servlet.ServletHandler.doScope(ServletHandler.java:428)
	at org.eclipse.jetty.server.session.SessionHandler.doScope(SessionHandler.java:193)
	at org.eclipse.jetty.server.handler.ContextHandler.doScope(ContextHandler.java:1020)
	at org.eclipse.jetty.server.handler.ScopedHandler.handle(ScopedHandler.java:135)
	at org.eclipse.jetty.server.handler.HandlerWrapper.handle(HandlerWrapper.java:116)
	at org.eclipse.jetty.server.handler.RequestLogHandler.handle(RequestLogHandler.java:68)
	at org.eclipse.jetty.server.handler.HandlerWrapper.handle(HandlerWrapper.java:116)
	at org.eclipse.jetty.server.Server.handle(Server.java:370)
	at org.eclipse.jetty.server.AbstractHttpConnection.handleRequest(AbstractHttpConnection.java:489)
	at org.eclipse.jetty.server.AbstractHttpConnection.content(AbstractHttpConnection.java:960)
	at org.eclipse.jetty.server.AbstractHttpConnection$RequestHandler.content(AbstractHttpConnection.java:1021)
	at org.eclipse.jetty.http.HttpParser.parseNext(HttpParser.java:865)
	at org.eclipse.jetty.http.HttpParser.parseAvailable(HttpParser.java:240)
	at org.eclipse.jetty.server.AsyncHttpConnection.handle(AsyncHttpConnection.java:82)
	at org.eclipse.jetty.io.nio.SelectChannelEndPoint.handle(SelectChannelEndPoint.java:668)
	at org.eclipse.jetty.io.nio.SelectChannelEndPoint$1.run(SelectChannelEndPoint.java:52)
	at org.eclipse.jetty.util.thread.QueuedThreadPool.runJob(QueuedThreadPool.java:608)
	at org.eclipse.jetty.util.thread.QueuedThreadPool$3.run(QueuedThreadPool.java:543)
	at java.lang.Thread.run(Thread.java:745)
Caused by: java.sql.SQLException: Directory /Users/dns/git/PhoneBook/war/phonebook already exists.
	at org.apache.derby.impl.jdbc.SQLExceptionFactory.getSQLException(Unknown Source)
	at org.apache.derby.impl.jdbc.SQLExceptionFactory40.wrapArgsForTransportAcrossDRDA(Unknown Source)
	... 58 more
Caused by: ERROR XBM0J: Directory /Users/dns/git/PhoneBook/war/phonebook already exists.
	at org.apache.derby.iapi.error.StandardException.newException(Unknown Source)
	at org.apache.derby.impl.services.monitor.StorageFactoryService$10.run(Unknown Source)
	at java.security.AccessController.doPrivileged(Native Method)
	at org.apache.derby.impl.services.monitor.StorageFactoryService.createServiceRoot(Unknown Source)
	at org.apache.derby.impl.services.monitor.BaseMonitor.bootService(Unknown Source)
	at org.apache.derby.impl.services.monitor.BaseMonitor.createPersistentService(Unknown Source)
	at org.apache.derby.iapi.services.monitor.Monitor.createPersistentService(Unknown Source)
	... 53 more
============= end nested exception, level (1) ===========
============= begin nested exception, level (2) ===========
java.sql.SQLException: Directory /Users/dns/git/PhoneBook/war/phonebook already exists.
	at org.apache.derby.impl.jdbc.SQLExceptionFactory.getSQLException(Unknown Source)
	at org.apache.derby.impl.jdbc.SQLExceptionFactory40.wrapArgsForTransportAcrossDRDA(Unknown Source)
	at org.apache.derby.impl.jdbc.SQLExceptionFactory40.getSQLException(Unknown Source)
	at org.apache.derby.impl.jdbc.Util.generateCsSQLException(Unknown Source)
	at org.apache.derby.impl.jdbc.TransactionResourceImpl.wrapInSQLException(Unknown Source)
	at org.apache.derby.impl.jdbc.TransactionResourceImpl.handleException(Unknown Source)
	at org.apache.derby.impl.jdbc.EmbedConnection.handleException(Unknown Source)
	at org.apache.derby.impl.jdbc.EmbedConnection.createDatabase(Unknown Source)
	at org.apache.derby.impl.jdbc.EmbedConnection.<init>(Unknown Source)
	at org.apache.derby.impl.jdbc.EmbedConnection40.<init>(Unknown Source)
	at org.apache.derby.jdbc.Driver40.getNewEmbedConnection(Unknown Source)
	at org.apache.derby.jdbc.InternalDriver.connect(Unknown Source)
	at org.apache.derby.jdbc.Driver20.connect(Unknown Source)
	at org.apache.derby.jdbc.AutoloadedDriver.connect(Unknown Source)
	at java.sql.DriverManager.getConnection(DriverManager.java:664)
	at java.sql.DriverManager.getConnection(DriverManager.java:270)
	at ru.rs.testcase.phones.server.data.JdbcHelper.getConnection(JdbcHelper.java:36)
	at ru.rs.testcase.phones.server.data.JdbcHelper.init(JdbcHelper.java:54)
	at ru.rs.testcase.phones.server.data.JdbcHelper.<init>(JdbcHelper.java:23)
	at ru.rs.testcase.phones.server.data.ContactsDaoImpl.<init>(ContactsDaoImpl.java:16)
	at ru.rs.testcase.phones.server.rpc.handlers.GetContactsHandler.execute(GetContactsHandler.java:25)
	at ru.rs.testcase.phones.server.rpc.handlers.GetContactsHandler.execute(GetContactsHandler.java:1)
	at net.customware.gwt.dispatch.server.AbstractDispatch.doExecute(AbstractDispatch.java:81)
	at net.customware.gwt.dispatch.server.AbstractDispatch.execute(AbstractDispatch.java:68)
	at ru.rs.testcase.phones.server.rpc.DispatcherServlet.execute(DispatcherServlet.java:39)
	at sun.reflect.NativeMethodAccessorImpl.invoke0(Native Method)
	at sun.reflect.NativeMethodAccessorImpl.invoke(NativeMethodAccessorImpl.java:62)
	at sun.reflect.DelegatingMethodAccessorImpl.invoke(DelegatingMethodAccessorImpl.java:43)
	at java.lang.reflect.Method.invoke(Method.java:483)
	at com.google.gwt.user.server.rpc.RPC.invokeAndEncodeResponse(RPC.java:561)
	at com.google.gwt.user.server.rpc.RemoteServiceServlet.processCall(RemoteServiceServlet.java:265)
	at com.google.gwt.user.server.rpc.RemoteServiceServlet.processPost(RemoteServiceServlet.java:305)
	at com.google.gwt.user.server.rpc.AbstractRemoteServiceServlet.doPost(AbstractRemoteServiceServlet.java:62)
	at javax.servlet.http.HttpServlet.service(HttpServlet.java:755)
	at javax.servlet.http.HttpServlet.service(HttpServlet.java:848)
	at org.eclipse.jetty.servlet.ServletHolder.handle(ServletHolder.java:686)
	at org.eclipse.jetty.servlet.ServletHandler.doHandle(ServletHandler.java:501)
	at org.eclipse.jetty.server.handler.ScopedHandler.handle(ScopedHandler.java:137)
	at org.eclipse.jetty.security.SecurityHandler.handle(SecurityHandler.java:557)
	at org.eclipse.jetty.server.session.SessionHandler.doHandle(SessionHandler.java:231)
	at org.eclipse.jetty.server.handler.ContextHandler.doHandle(ContextHandler.java:1086)
	at org.eclipse.jetty.servlet.ServletHandler.doScope(ServletHandler.java:428)
	at org.eclipse.jetty.server.session.SessionHandler.doScope(SessionHandler.java:193)
	at org.eclipse.jetty.server.handler.ContextHandler.doScope(ContextHandler.java:1020)
	at org.eclipse.jetty.server.handler.ScopedHandler.handle(ScopedHandler.java:135)
	at org.eclipse.jetty.server.handler.HandlerWrapper.handle(HandlerWrapper.java:116)
	at org.eclipse.jetty.server.handler.RequestLogHandler.handle(RequestLogHandler.java:68)
	at org.eclipse.jetty.server.handler.HandlerWrapper.handle(HandlerWrapper.java:116)
	at org.eclipse.jetty.server.Server.handle(Server.java:370)
	at org.eclipse.jetty.server.AbstractHttpConnection.handleRequest(AbstractHttpConnection.java:489)
	at org.eclipse.jetty.server.AbstractHttpConnection.content(AbstractHttpConnection.java:960)
	at org.eclipse.jetty.server.AbstractHttpConnection$RequestHandler.content(AbstractHttpConnection.java:1021)
	at org.eclipse.jetty.http.HttpParser.parseNext(HttpParser.java:865)
	at org.eclipse.jetty.http.HttpParser.parseAvailable(HttpParser.java:240)
	at org.eclipse.jetty.server.AsyncHttpConnection.handle(AsyncHttpConnection.java:82)
	at org.eclipse.jetty.io.nio.SelectChannelEndPoint.handle(SelectChannelEndPoint.java:668)
	at org.eclipse.jetty.io.nio.SelectChannelEndPoint$1.run(SelectChannelEndPoint.java:52)
	at org.eclipse.jetty.util.thread.QueuedThreadPool.runJob(QueuedThreadPool.java:608)
	at org.eclipse.jetty.util.thread.QueuedThreadPool$3.run(QueuedThreadPool.java:543)
	at java.lang.Thread.run(Thread.java:745)
Caused by: ERROR XBM0J: Directory /Users/dns/git/PhoneBook/war/phonebook already exists.
	at org.apache.derby.iapi.error.StandardException.newException(Unknown Source)
	at org.apache.derby.impl.services.monitor.StorageFactoryService$10.run(Unknown Source)
	at java.security.AccessController.doPrivileged(Native Method)
	at org.apache.derby.impl.services.monitor.StorageFactoryService.createServiceRoot(Unknown Source)
	at org.apache.derby.impl.services.monitor.BaseMonitor.bootService(Unknown Source)
	at org.apache.derby.impl.services.monitor.BaseMonitor.createPersistentService(Unknown Source)
	at org.apache.derby.iapi.services.monitor.Monitor.createPersistentService(Unknown Source)
	... 53 more
============= end nested exception, level (2) ===========
============= begin nested exception, level (3) ===========
ERROR XBM0J: Directory /Users/dns/git/PhoneBook/war/phonebook already exists.
	at org.apache.derby.iapi.error.StandardException.newException(Unknown Source)
	at org.apache.derby.impl.services.monitor.StorageFactoryService$10.run(Unknown Source)
	at java.security.AccessController.doPrivileged(Native Method)
	at org.apache.derby.impl.services.monitor.StorageFactoryService.createServiceRoot(Unknown Source)
	at org.apache.derby.impl.services.monitor.BaseMonitor.bootService(Unknown Source)
	at org.apache.derby.impl.services.monitor.BaseMonitor.createPersistentService(Unknown Source)
	at org.apache.derby.iapi.services.monitor.Monitor.createPersistentService(Unknown Source)
	at org.apache.derby.impl.jdbc.EmbedConnection.createDatabase(Unknown Source)
	at org.apache.derby.impl.jdbc.EmbedConnection.<init>(Unknown Source)
	at org.apache.derby.impl.jdbc.EmbedConnection40.<init>(Unknown Source)
	at org.apache.derby.jdbc.Driver40.getNewEmbedConnection(Unknown Source)
	at org.apache.derby.jdbc.InternalDriver.connect(Unknown Source)
	at org.apache.derby.jdbc.Driver20.connect(Unknown Source)
	at org.apache.derby.jdbc.AutoloadedDriver.connect(Unknown Source)
	at java.sql.DriverManager.getConnection(DriverManager.java:664)
	at java.sql.DriverManager.getConnection(DriverManager.java:270)
	at ru.rs.testcase.phones.server.data.JdbcHelper.getConnection(JdbcHelper.java:36)
	at ru.rs.testcase.phones.server.data.JdbcHelper.init(JdbcHelper.java:54)
	at ru.rs.testcase.phones.server.data.JdbcHelper.<init>(JdbcHelper.java:23)
	at ru.rs.testcase.phones.server.data.ContactsDaoImpl.<init>(ContactsDaoImpl.java:16)
	at ru.rs.testcase.phones.server.rpc.handlers.GetContactsHandler.execute(GetContactsHandler.java:25)
	at ru.rs.testcase.phones.server.rpc.handlers.GetContactsHandler.execute(GetContactsHandler.java:1)
	at net.customware.gwt.dispatch.server.AbstractDispatch.doExecute(AbstractDispatch.java:81)
	at net.customware.gwt.dispatch.server.AbstractDispatch.execute(AbstractDispatch.java:68)
	at ru.rs.testcase.phones.server.rpc.DispatcherServlet.execute(DispatcherServlet.java:39)
	at sun.reflect.NativeMethodAccessorImpl.invoke0(Native Method)
	at sun.reflect.NativeMethodAccessorImpl.invoke(NativeMethodAccessorImpl.java:62)
	at sun.reflect.DelegatingMethodAccessorImpl.invoke(DelegatingMethodAccessorImpl.java:43)
	at java.lang.reflect.Method.invoke(Method.java:483)
	at com.google.gwt.user.server.rpc.RPC.invokeAndEncodeResponse(RPC.java:561)
	at com.google.gwt.user.server.rpc.RemoteServiceServlet.processCall(RemoteServiceServlet.java:265)
	at com.google.gwt.user.server.rpc.RemoteServiceServlet.processPost(RemoteServiceServlet.java:305)
	at com.google.gwt.user.server.rpc.AbstractRemoteServiceServlet.doPost(AbstractRemoteServiceServlet.java:62)
	at javax.servlet.http.HttpServlet.service(HttpServlet.java:755)
	at javax.servlet.http.HttpServlet.service(HttpServlet.java:848)
	at org.eclipse.jetty.servlet.ServletHolder.handle(ServletHolder.java:686)
	at org.eclipse.jetty.servlet.ServletHandler.doHandle(ServletHandler.java:501)
	at org.eclipse.jetty.server.handler.ScopedHandler.handle(ScopedHandler.java:137)
	at org.eclipse.jetty.security.SecurityHandler.handle(SecurityHandler.java:557)
	at org.eclipse.jetty.server.session.SessionHandler.doHandle(SessionHandler.java:231)
	at org.eclipse.jetty.server.handler.ContextHandler.doHandle(ContextHandler.java:1086)
	at org.eclipse.jetty.servlet.ServletHandler.doScope(ServletHandler.java:428)
	at org.eclipse.jetty.server.session.SessionHandler.doScope(SessionHandler.java:193)
	at org.eclipse.jetty.server.handler.ContextHandler.doScope(ContextHandler.java:1020)
	at org.eclipse.jetty.server.handler.ScopedHandler.handle(ScopedHandler.java:135)
	at org.eclipse.jetty.server.handler.HandlerWrapper.handle(HandlerWrapper.java:116)
	at org.eclipse.jetty.server.handler.RequestLogHandler.handle(RequestLogHandler.java:68)
	at org.eclipse.jetty.server.handler.HandlerWrapper.handle(HandlerWrapper.java:116)
	at org.eclipse.jetty.server.Server.handle(Server.java:370)
	at org.eclipse.jetty.server.AbstractHttpConnection.handleRequest(AbstractHttpConnection.java:489)
	at org.eclipse.jetty.server.AbstractHttpConnection.content(AbstractHttpConnection.java:960)
	at org.eclipse.jetty.server.AbstractHttpConnection$RequestHandler.content(AbstractHttpConnection.java:1021)
	at org.eclipse.jetty.http.HttpParser.parseNext(HttpParser.java:865)
	at org.eclipse.jetty.http.HttpParser.parseAvailable(HttpParser.java:240)
	at org.eclipse.jetty.server.AsyncHttpConnection.handle(AsyncHttpConnection.java:82)
	at org.eclipse.jetty.io.nio.SelectChannelEndPoint.handle(SelectChannelEndPoint.java:668)
	at org.eclipse.jetty.io.nio.SelectChannelEndPoint$1.run(SelectChannelEndPoint.java:52)
	at org.eclipse.jetty.util.thread.QueuedThreadPool.runJob(QueuedThreadPool.java:608)
	at org.eclipse.jetty.util.thread.QueuedThreadPool$3.run(QueuedThreadPool.java:543)
	at java.lang.Thread.run(Thread.java:745)
============= end nested exception, level (3) ===========
Cleanup action completed
Fri Aug 01 00:56:53 YEKT 2014 Thread[qtp927327686-32,5,main] Cleanup action starting
ERROR XBM0J: Directory /Users/dns/git/PhoneBook/war/phonebook already exists.
	at org.apache.derby.iapi.error.StandardException.newException(Unknown Source)
	at org.apache.derby.impl.services.monitor.StorageFactoryService$10.run(Unknown Source)
	at java.security.AccessController.doPrivileged(Native Method)
	at org.apache.derby.impl.services.monitor.StorageFactoryService.createServiceRoot(Unknown Source)
	at org.apache.derby.impl.services.monitor.BaseMonitor.bootService(Unknown Source)
	at org.apache.derby.impl.services.monitor.BaseMonitor.createPersistentService(Unknown Source)
	at org.apache.derby.iapi.services.monitor.Monitor.createPersistentService(Unknown Source)
	at org.apache.derby.impl.jdbc.EmbedConnection.createDatabase(Unknown Source)
	at org.apache.derby.impl.jdbc.EmbedConnection.<init>(Unknown Source)
	at org.apache.derby.impl.jdbc.EmbedConnection40.<init>(Unknown Source)
	at org.apache.derby.jdbc.Driver40.getNewEmbedConnection(Unknown Source)
	at org.apache.derby.jdbc.InternalDriver.connect(Unknown Source)
	at org.apache.derby.jdbc.Driver20.connect(Unknown Source)
	at org.apache.derby.jdbc.AutoloadedDriver.connect(Unknown Source)
	at java.sql.DriverManager.getConnection(DriverManager.java:664)
	at java.sql.DriverManager.getConnection(DriverManager.java:270)
	at ru.rs.testcase.phones.server.data.JdbcHelper.getConnection(JdbcHelper.java:36)
	at ru.rs.testcase.phones.server.data.ContactsDaoImpl.findAllContacts(ContactsDaoImpl.java:43)
	at ru.rs.testcase.phones.server.rpc.handlers.GetContactsHandler.execute(GetContactsHandler.java:29)
	at ru.rs.testcase.phones.server.rpc.handlers.GetContactsHandler.execute(GetContactsHandler.java:1)
	at net.customware.gwt.dispatch.server.AbstractDispatch.doExecute(AbstractDispatch.java:81)
	at net.customware.gwt.dispatch.server.AbstractDispatch.execute(AbstractDispatch.java:68)
	at ru.rs.testcase.phones.server.rpc.DispatcherServlet.execute(DispatcherServlet.java:39)
	at sun.reflect.NativeMethodAccessorImpl.invoke0(Native Method)
	at sun.reflect.NativeMethodAccessorImpl.invoke(NativeMethodAccessorImpl.java:62)
	at sun.reflect.DelegatingMethodAccessorImpl.invoke(DelegatingMethodAccessorImpl.java:43)
	at java.lang.reflect.Method.invoke(Method.java:483)
	at com.google.gwt.user.server.rpc.RPC.invokeAndEncodeResponse(RPC.java:561)
	at com.google.gwt.user.server.rpc.RemoteServiceServlet.processCall(RemoteServiceServlet.java:265)
	at com.google.gwt.user.server.rpc.RemoteServiceServlet.processPost(RemoteServiceServlet.java:305)
	at com.google.gwt.user.server.rpc.AbstractRemoteServiceServlet.doPost(AbstractRemoteServiceServlet.java:62)
	at javax.servlet.http.HttpServlet.service(HttpServlet.java:755)
	at javax.servlet.http.HttpServlet.service(HttpServlet.java:848)
	at org.eclipse.jetty.servlet.ServletHolder.handle(ServletHolder.java:686)
	at org.eclipse.jetty.servlet.ServletHandler.doHandle(ServletHandler.java:501)
	at org.eclipse.jetty.server.handler.ScopedHandler.handle(ScopedHandler.java:137)
	at org.eclipse.jetty.security.SecurityHandler.handle(SecurityHandler.java:557)
	at org.eclipse.jetty.server.session.SessionHandler.doHandle(SessionHandler.java:231)
	at org.eclipse.jetty.server.handler.ContextHandler.doHandle(ContextHandler.java:1086)
	at org.eclipse.jetty.servlet.ServletHandler.doScope(ServletHandler.java:428)
	at org.eclipse.jetty.server.session.SessionHandler.doScope(SessionHandler.java:193)
	at org.eclipse.jetty.server.handler.ContextHandler.doScope(ContextHandler.java:1020)
	at org.eclipse.jetty.server.handler.ScopedHandler.handle(ScopedHandler.java:135)
	at org.eclipse.jetty.server.handler.HandlerWrapper.handle(HandlerWrapper.java:116)
	at org.eclipse.jetty.server.handler.RequestLogHandler.handle(RequestLogHandler.java:68)
	at org.eclipse.jetty.server.handler.HandlerWrapper.handle(HandlerWrapper.java:116)
	at org.eclipse.jetty.server.Server.handle(Server.java:370)
	at org.eclipse.jetty.server.AbstractHttpConnection.handleRequest(AbstractHttpConnection.java:489)
	at org.eclipse.jetty.server.AbstractHttpConnection.content(AbstractHttpConnection.java:960)
	at org.eclipse.jetty.server.AbstractHttpConnection$RequestHandler.content(AbstractHttpConnection.java:1021)
	at org.eclipse.jetty.http.HttpParser.parseNext(HttpParser.java:865)
	at org.eclipse.jetty.http.HttpParser.parseAvailable(HttpParser.java:240)
	at org.eclipse.jetty.server.AsyncHttpConnection.handle(AsyncHttpConnection.java:82)
	at org.eclipse.jetty.io.nio.SelectChannelEndPoint.handle(SelectChannelEndPoint.java:668)
	at org.eclipse.jetty.io.nio.SelectChannelEndPoint$1.run(SelectChannelEndPoint.java:52)
	at org.eclipse.jetty.util.thread.QueuedThreadPool.runJob(QueuedThreadPool.java:608)
	at org.eclipse.jetty.util.thread.QueuedThreadPool$3.run(QueuedThreadPool.java:543)
	at java.lang.Thread.run(Thread.java:745)
Cleanup action completed
Fri Aug 01 00:56:53 YEKT 2014 Thread[qtp927327686-32,5,main] Cleanup action starting
java.sql.SQLException: Failed to create database 'phonebook', see the next exception for details.
	at org.apache.derby.impl.jdbc.SQLExceptionFactory40.getSQLException(Unknown Source)
	at org.apache.derby.impl.jdbc.Util.newEmbedSQLException(Unknown Source)
	at org.apache.derby.impl.jdbc.Util.seeNextException(Unknown Source)
	at org.apache.derby.impl.jdbc.EmbedConnection.createDatabase(Unknown Source)
	at org.apache.derby.impl.jdbc.EmbedConnection.<init>(Unknown Source)
	at org.apache.derby.impl.jdbc.EmbedConnection40.<init>(Unknown Source)
	at org.apache.derby.jdbc.Driver40.getNewEmbedConnection(Unknown Source)
	at org.apache.derby.jdbc.InternalDriver.connect(Unknown Source)
	at org.apache.derby.jdbc.Driver20.connect(Unknown Source)
	at org.apache.derby.jdbc.AutoloadedDriver.connect(Unknown Source)
	at java.sql.DriverManager.getConnection(DriverManager.java:664)
	at java.sql.DriverManager.getConnection(DriverManager.java:270)
	at ru.rs.testcase.phones.server.data.JdbcHelper.getConnection(JdbcHelper.java:36)
	at ru.rs.testcase.phones.server.data.ContactsDaoImpl.findAllContacts(ContactsDaoImpl.java:43)
	at ru.rs.testcase.phones.server.rpc.handlers.GetContactsHandler.execute(GetContactsHandler.java:29)
	at ru.rs.testcase.phones.server.rpc.handlers.GetContactsHandler.execute(GetContactsHandler.java:1)
	at net.customware.gwt.dispatch.server.AbstractDispatch.doExecute(AbstractDispatch.java:81)
	at net.customware.gwt.dispatch.server.AbstractDispatch.execute(AbstractDispatch.java:68)
	at ru.rs.testcase.phones.server.rpc.DispatcherServlet.execute(DispatcherServlet.java:39)
	at sun.reflect.NativeMethodAccessorImpl.invoke0(Native Method)
	at sun.reflect.NativeMethodAccessorImpl.invoke(NativeMethodAccessorImpl.java:62)
	at sun.reflect.DelegatingMethodAccessorImpl.invoke(DelegatingMethodAccessorImpl.java:43)
	at java.lang.reflect.Method.invoke(Method.java:483)
	at com.google.gwt.user.server.rpc.RPC.invokeAndEncodeResponse(RPC.java:561)
	at com.google.gwt.user.server.rpc.RemoteServiceServlet.processCall(RemoteServiceServlet.java:265)
	at com.google.gwt.user.server.rpc.RemoteServiceServlet.processPost(RemoteServiceServlet.java:305)
	at com.google.gwt.user.server.rpc.AbstractRemoteServiceServlet.doPost(AbstractRemoteServiceServlet.java:62)
	at javax.servlet.http.HttpServlet.service(HttpServlet.java:755)
	at javax.servlet.http.HttpServlet.service(HttpServlet.java:848)
	at org.eclipse.jetty.servlet.ServletHolder.handle(ServletHolder.java:686)
	at org.eclipse.jetty.servlet.ServletHandler.doHandle(ServletHandler.java:501)
	at org.eclipse.jetty.server.handler.ScopedHandler.handle(ScopedHandler.java:137)
	at org.eclipse.jetty.security.SecurityHandler.handle(SecurityHandler.java:557)
	at org.eclipse.jetty.server.session.SessionHandler.doHandle(SessionHandler.java:231)
	at org.eclipse.jetty.server.handler.ContextHandler.doHandle(ContextHandler.java:1086)
	at org.eclipse.jetty.servlet.ServletHandler.doScope(ServletHandler.java:428)
	at org.eclipse.jetty.server.session.SessionHandler.doScope(SessionHandler.java:193)
	at org.eclipse.jetty.server.handler.ContextHandler.doScope(ContextHandler.java:1020)
	at org.eclipse.jetty.server.handler.ScopedHandler.handle(ScopedHandler.java:135)
	at org.eclipse.jetty.server.handler.HandlerWrapper.handle(HandlerWrapper.java:116)
	at org.eclipse.jetty.server.handler.RequestLogHandler.handle(RequestLogHandler.java:68)
	at org.eclipse.jetty.server.handler.HandlerWrapper.handle(HandlerWrapper.java:116)
	at org.eclipse.jetty.server.Server.handle(Server.java:370)
	at org.eclipse.jetty.server.AbstractHttpConnection.handleRequest(AbstractHttpConnection.java:489)
	at org.eclipse.jetty.server.AbstractHttpConnection.content(AbstractHttpConnection.java:960)
	at org.eclipse.jetty.server.AbstractHttpConnection$RequestHandler.content(AbstractHttpConnection.java:1021)
	at org.eclipse.jetty.http.HttpParser.parseNext(HttpParser.java:865)
	at org.eclipse.jetty.http.HttpParser.parseAvailable(HttpParser.java:240)
	at org.eclipse.jetty.server.AsyncHttpConnection.handle(AsyncHttpConnection.java:82)
	at org.eclipse.jetty.io.nio.SelectChannelEndPoint.handle(SelectChannelEndPoint.java:668)
	at org.eclipse.jetty.io.nio.SelectChannelEndPoint$1.run(SelectChannelEndPoint.java:52)
	at org.eclipse.jetty.util.thread.QueuedThreadPool.runJob(QueuedThreadPool.java:608)
	at org.eclipse.jetty.util.thread.QueuedThreadPool$3.run(QueuedThreadPool.java:543)
	at java.lang.Thread.run(Thread.java:745)
Caused by: java.sql.SQLException: Failed to create database 'phonebook', see the next exception for details.
	at org.apache.derby.impl.jdbc.SQLExceptionFactory.getSQLException(Unknown Source)
	at org.apache.derby.impl.jdbc.SQLExceptionFactory40.wrapArgsForTransportAcrossDRDA(Unknown Source)
	... 54 more
Caused by: java.sql.SQLException: Directory /Users/dns/git/PhoneBook/war/phonebook already exists.
	at org.apache.derby.impl.jdbc.SQLExceptionFactory.getSQLException(Unknown Source)
	at org.apache.derby.impl.jdbc.SQLExceptionFactory40.wrapArgsForTransportAcrossDRDA(Unknown Source)
	at org.apache.derby.impl.jdbc.SQLExceptionFactory40.getSQLException(Unknown Source)
	at org.apache.derby.impl.jdbc.Util.generateCsSQLException(Unknown Source)
	at org.apache.derby.impl.jdbc.TransactionResourceImpl.wrapInSQLException(Unknown Source)
	at org.apache.derby.impl.jdbc.TransactionResourceImpl.handleException(Unknown Source)
	at org.apache.derby.impl.jdbc.EmbedConnection.handleException(Unknown Source)
	... 51 more
Caused by: ERROR XBM0J: Directory /Users/dns/git/PhoneBook/war/phonebook already exists.
	at org.apache.derby.iapi.error.StandardException.newException(Unknown Source)
	at org.apache.derby.impl.services.monitor.StorageFactoryService$10.run(Unknown Source)
	at java.security.AccessController.doPrivileged(Native Method)
	at org.apache.derby.impl.services.monitor.StorageFactoryService.createServiceRoot(Unknown Source)
	at org.apache.derby.impl.services.monitor.BaseMonitor.bootService(Unknown Source)
	at org.apache.derby.impl.services.monitor.BaseMonitor.createPersistentService(Unknown Source)
	at org.apache.derby.iapi.services.monitor.Monitor.createPersistentService(Unknown Source)
	... 51 more
============= begin nested exception, level (1) ===========
java.sql.SQLException: Directory /Users/dns/git/PhoneBook/war/phonebook already exists.
	at org.apache.derby.impl.jdbc.SQLExceptionFactory40.getSQLException(Unknown Source)
	at org.apache.derby.impl.jdbc.Util.generateCsSQLException(Unknown Source)
	at org.apache.derby.impl.jdbc.TransactionResourceImpl.wrapInSQLException(Unknown Source)
	at org.apache.derby.impl.jdbc.TransactionResourceImpl.handleException(Unknown Source)
	at org.apache.derby.impl.jdbc.EmbedConnection.handleException(Unknown Source)
	at org.apache.derby.impl.jdbc.EmbedConnection.createDatabase(Unknown Source)
	at org.apache.derby.impl.jdbc.EmbedConnection.<init>(Unknown Source)
	at org.apache.derby.impl.jdbc.EmbedConnection40.<init>(Unknown Source)
	at org.apache.derby.jdbc.Driver40.getNewEmbedConnection(Unknown Source)
	at org.apache.derby.jdbc.InternalDriver.connect(Unknown Source)
	at org.apache.derby.jdbc.Driver20.connect(Unknown Source)
	at org.apache.derby.jdbc.AutoloadedDriver.connect(Unknown Source)
	at java.sql.DriverManager.getConnection(DriverManager.java:664)
	at java.sql.DriverManager.getConnection(DriverManager.java:270)
	at ru.rs.testcase.phones.server.data.JdbcHelper.getConnection(JdbcHelper.java:36)
	at ru.rs.testcase.phones.server.data.ContactsDaoImpl.findAllContacts(ContactsDaoImpl.java:43)
	at ru.rs.testcase.phones.server.rpc.handlers.GetContactsHandler.execute(GetContactsHandler.java:29)
	at ru.rs.testcase.phones.server.rpc.handlers.GetContactsHandler.execute(GetContactsHandler.java:1)
	at net.customware.gwt.dispatch.server.AbstractDispatch.doExecute(AbstractDispatch.java:81)
	at net.customware.gwt.dispatch.server.AbstractDispatch.execute(AbstractDispatch.java:68)
	at ru.rs.testcase.phones.server.rpc.DispatcherServlet.execute(DispatcherServlet.java:39)
	at sun.reflect.NativeMethodAccessorImpl.invoke0(Native Method)
	at sun.reflect.NativeMethodAccessorImpl.invoke(NativeMethodAccessorImpl.java:62)
	at sun.reflect.DelegatingMethodAccessorImpl.invoke(DelegatingMethodAccessorImpl.java:43)
	at java.lang.reflect.Method.invoke(Method.java:483)
	at com.google.gwt.user.server.rpc.RPC.invokeAndEncodeResponse(RPC.java:561)
	at com.google.gwt.user.server.rpc.RemoteServiceServlet.processCall(RemoteServiceServlet.java:265)
	at com.google.gwt.user.server.rpc.RemoteServiceServlet.processPost(RemoteServiceServlet.java:305)
	at com.google.gwt.user.server.rpc.AbstractRemoteServiceServlet.doPost(AbstractRemoteServiceServlet.java:62)
	at javax.servlet.http.HttpServlet.service(HttpServlet.java:755)
	at javax.servlet.http.HttpServlet.service(HttpServlet.java:848)
	at org.eclipse.jetty.servlet.ServletHolder.handle(ServletHolder.java:686)
	at org.eclipse.jetty.servlet.ServletHandler.doHandle(ServletHandler.java:501)
	at org.eclipse.jetty.server.handler.ScopedHandler.handle(ScopedHandler.java:137)
	at org.eclipse.jetty.security.SecurityHandler.handle(SecurityHandler.java:557)
	at org.eclipse.jetty.server.session.SessionHandler.doHandle(SessionHandler.java:231)
	at org.eclipse.jetty.server.handler.ContextHandler.doHandle(ContextHandler.java:1086)
	at org.eclipse.jetty.servlet.ServletHandler.doScope(ServletHandler.java:428)
	at org.eclipse.jetty.server.session.SessionHandler.doScope(SessionHandler.java:193)
	at org.eclipse.jetty.server.handler.ContextHandler.doScope(ContextHandler.java:1020)
	at org.eclipse.jetty.server.handler.ScopedHandler.handle(ScopedHandler.java:135)
	at org.eclipse.jetty.server.handler.HandlerWrapper.handle(HandlerWrapper.java:116)
	at org.eclipse.jetty.server.handler.RequestLogHandler.handle(RequestLogHandler.java:68)
	at org.eclipse.jetty.server.handler.HandlerWrapper.handle(HandlerWrapper.java:116)
	at org.eclipse.jetty.server.Server.handle(Server.java:370)
	at org.eclipse.jetty.server.AbstractHttpConnection.handleRequest(AbstractHttpConnection.java:489)
	at org.eclipse.jetty.server.AbstractHttpConnection.content(AbstractHttpConnection.java:960)
	at org.eclipse.jetty.server.AbstractHttpConnection$RequestHandler.content(AbstractHttpConnection.java:1021)
	at org.eclipse.jetty.http.HttpParser.parseNext(HttpParser.java:865)
	at org.eclipse.jetty.http.HttpParser.parseAvailable(HttpParser.java:240)
	at org.eclipse.jetty.server.AsyncHttpConnection.handle(AsyncHttpConnection.java:82)
	at org.eclipse.jetty.io.nio.SelectChannelEndPoint.handle(SelectChannelEndPoint.java:668)
	at org.eclipse.jetty.io.nio.SelectChannelEndPoint$1.run(SelectChannelEndPoint.java:52)
	at org.eclipse.jetty.util.thread.QueuedThreadPool.runJob(QueuedThreadPool.java:608)
	at org.eclipse.jetty.util.thread.QueuedThreadPool$3.run(QueuedThreadPool.java:543)
	at java.lang.Thread.run(Thread.java:745)
Caused by: java.sql.SQLException: Directory /Users/dns/git/PhoneBook/war/phonebook already exists.
	at org.apache.derby.impl.jdbc.SQLExceptionFactory.getSQLException(Unknown Source)
	at org.apache.derby.impl.jdbc.SQLExceptionFactory40.wrapArgsForTransportAcrossDRDA(Unknown Source)
	... 56 more
Caused by: ERROR XBM0J: Directory /Users/dns/git/PhoneBook/war/phonebook already exists.
	at org.apache.derby.iapi.error.StandardException.newException(Unknown Source)
	at org.apache.derby.impl.services.monitor.StorageFactoryService$10.run(Unknown Source)
	at java.security.AccessController.doPrivileged(Native Method)
	at org.apache.derby.impl.services.monitor.StorageFactoryService.createServiceRoot(Unknown Source)
	at org.apache.derby.impl.services.monitor.BaseMonitor.bootService(Unknown Source)
	at org.apache.derby.impl.services.monitor.BaseMonitor.createPersistentService(Unknown Source)
	at org.apache.derby.iapi.services.monitor.Monitor.createPersistentService(Unknown Source)
	... 51 more
============= end nested exception, level (1) ===========
============= begin nested exception, level (2) ===========
java.sql.SQLException: Directory /Users/dns/git/PhoneBook/war/phonebook already exists.
	at org.apache.derby.impl.jdbc.SQLExceptionFactory.getSQLException(Unknown Source)
	at org.apache.derby.impl.jdbc.SQLExceptionFactory40.wrapArgsForTransportAcrossDRDA(Unknown Source)
	at org.apache.derby.impl.jdbc.SQLExceptionFactory40.getSQLException(Unknown Source)
	at org.apache.derby.impl.jdbc.Util.generateCsSQLException(Unknown Source)
	at org.apache.derby.impl.jdbc.TransactionResourceImpl.wrapInSQLException(Unknown Source)
	at org.apache.derby.impl.jdbc.TransactionResourceImpl.handleException(Unknown Source)
	at org.apache.derby.impl.jdbc.EmbedConnection.handleException(Unknown Source)
	at org.apache.derby.impl.jdbc.EmbedConnection.createDatabase(Unknown Source)
	at org.apache.derby.impl.jdbc.EmbedConnection.<init>(Unknown Source)
	at org.apache.derby.impl.jdbc.EmbedConnection40.<init>(Unknown Source)
	at org.apache.derby.jdbc.Driver40.getNewEmbedConnection(Unknown Source)
	at org.apache.derby.jdbc.InternalDriver.connect(Unknown Source)
	at org.apache.derby.jdbc.Driver20.connect(Unknown Source)
	at org.apache.derby.jdbc.AutoloadedDriver.connect(Unknown Source)
	at java.sql.DriverManager.getConnection(DriverManager.java:664)
	at java.sql.DriverManager.getConnection(DriverManager.java:270)
	at ru.rs.testcase.phones.server.data.JdbcHelper.getConnection(JdbcHelper.java:36)
	at ru.rs.testcase.phones.server.data.ContactsDaoImpl.findAllContacts(ContactsDaoImpl.java:43)
	at ru.rs.testcase.phones.server.rpc.handlers.GetContactsHandler.execute(GetContactsHandler.java:29)
	at ru.rs.testcase.phones.server.rpc.handlers.GetContactsHandler.execute(GetContactsHandler.java:1)
	at net.customware.gwt.dispatch.server.AbstractDispatch.doExecute(AbstractDispatch.java:81)
	at net.customware.gwt.dispatch.server.AbstractDispatch.execute(AbstractDispatch.java:68)
	at ru.rs.testcase.phones.server.rpc.DispatcherServlet.execute(DispatcherServlet.java:39)
	at sun.reflect.NativeMethodAccessorImpl.invoke0(Native Method)
	at sun.reflect.NativeMethodAccessorImpl.invoke(NativeMethodAccessorImpl.java:62)
	at sun.reflect.DelegatingMethodAccessorImpl.invoke(DelegatingMethodAccessorImpl.java:43)
	at java.lang.reflect.Method.invoke(Method.java:483)
	at com.google.gwt.user.server.rpc.RPC.invokeAndEncodeResponse(RPC.java:561)
	at com.google.gwt.user.server.rpc.RemoteServiceServlet.processCall(RemoteServiceServlet.java:265)
	at com.google.gwt.user.server.rpc.RemoteServiceServlet.processPost(RemoteServiceServlet.java:305)
	at com.google.gwt.user.server.rpc.AbstractRemoteServiceServlet.doPost(AbstractRemoteServiceServlet.java:62)
	at javax.servlet.http.HttpServlet.service(HttpServlet.java:755)
	at javax.servlet.http.HttpServlet.service(HttpServlet.java:848)
	at org.eclipse.jetty.servlet.ServletHolder.handle(ServletHolder.java:686)
	at org.eclipse.jetty.servlet.ServletHandler.doHandle(ServletHandler.java:501)
	at org.eclipse.jetty.server.handler.ScopedHandler.handle(ScopedHandler.java:137)
	at org.eclipse.jetty.security.SecurityHandler.handle(SecurityHandler.java:557)
	at org.eclipse.jetty.server.session.SessionHandler.doHandle(SessionHandler.java:231)
	at org.eclipse.jetty.server.handler.ContextHandler.doHandle(ContextHandler.java:1086)
	at org.eclipse.jetty.servlet.ServletHandler.doScope(ServletHandler.java:428)
	at org.eclipse.jetty.server.session.SessionHandler.doScope(SessionHandler.java:193)
	at org.eclipse.jetty.server.handler.ContextHandler.doScope(ContextHandler.java:1020)
	at org.eclipse.jetty.server.handler.ScopedHandler.handle(ScopedHandler.java:135)
	at org.eclipse.jetty.server.handler.HandlerWrapper.handle(HandlerWrapper.java:116)
	at org.eclipse.jetty.server.handler.RequestLogHandler.handle(RequestLogHandler.java:68)
	at org.eclipse.jetty.server.handler.HandlerWrapper.handle(HandlerWrapper.java:116)
	at org.eclipse.jetty.server.Server.handle(Server.java:370)
	at org.eclipse.jetty.server.AbstractHttpConnection.handleRequest(AbstractHttpConnection.java:489)
	at org.eclipse.jetty.server.AbstractHttpConnection.content(AbstractHttpConnection.java:960)
	at org.eclipse.jetty.server.AbstractHttpConnection$RequestHandler.content(AbstractHttpConnection.java:1021)
	at org.eclipse.jetty.http.HttpParser.parseNext(HttpParser.java:865)
	at org.eclipse.jetty.http.HttpParser.parseAvailable(HttpParser.java:240)
	at org.eclipse.jetty.server.AsyncHttpConnection.handle(AsyncHttpConnection.java:82)
	at org.eclipse.jetty.io.nio.SelectChannelEndPoint.handle(SelectChannelEndPoint.java:668)
	at org.eclipse.jetty.io.nio.SelectChannelEndPoint$1.run(SelectChannelEndPoint.java:52)
	at org.eclipse.jetty.util.thread.QueuedThreadPool.runJob(QueuedThreadPool.java:608)
	at org.eclipse.jetty.util.thread.QueuedThreadPool$3.run(QueuedThreadPool.java:543)
	at java.lang.Thread.run(Thread.java:745)
Caused by: ERROR XBM0J: Directory /Users/dns/git/PhoneBook/war/phonebook already exists.
	at org.apache.derby.iapi.error.StandardException.newException(Unknown Source)
	at org.apache.derby.impl.services.monitor.StorageFactoryService$10.run(Unknown Source)
	at java.security.AccessController.doPrivileged(Native Method)
	at org.apache.derby.impl.services.monitor.StorageFactoryService.createServiceRoot(Unknown Source)
	at org.apache.derby.impl.services.monitor.BaseMonitor.bootService(Unknown Source)
	at org.apache.derby.impl.services.monitor.BaseMonitor.createPersistentService(Unknown Source)
	at org.apache.derby.iapi.services.monitor.Monitor.createPersistentService(Unknown Source)
	... 51 more
============= end nested exception, level (2) ===========
============= begin nested exception, level (3) ===========
ERROR XBM0J: Directory /Users/dns/git/PhoneBook/war/phonebook already exists.
	at org.apache.derby.iapi.error.StandardException.newException(Unknown Source)
	at org.apache.derby.impl.services.monitor.StorageFactoryService$10.run(Unknown Source)
	at java.security.AccessController.doPrivileged(Native Method)
	at org.apache.derby.impl.services.monitor.StorageFactoryService.createServiceRoot(Unknown Source)
	at org.apache.derby.impl.services.monitor.BaseMonitor.bootService(Unknown Source)
	at org.apache.derby.impl.services.monitor.BaseMonitor.createPersistentService(Unknown Source)
	at org.apache.derby.iapi.services.monitor.Monitor.createPersistentService(Unknown Source)
	at org.apache.derby.impl.jdbc.EmbedConnection.createDatabase(Unknown Source)
	at org.apache.derby.impl.jdbc.EmbedConnection.<init>(Unknown Source)
	at org.apache.derby.impl.jdbc.EmbedConnection40.<init>(Unknown Source)
	at org.apache.derby.jdbc.Driver40.getNewEmbedConnection(Unknown Source)
	at org.apache.derby.jdbc.InternalDriver.connect(Unknown Source)
	at org.apache.derby.jdbc.Driver20.connect(Unknown Source)
	at org.apache.derby.jdbc.AutoloadedDriver.connect(Unknown Source)
	at java.sql.DriverManager.getConnection(DriverManager.java:664)
	at java.sql.DriverManager.getConnection(DriverManager.java:270)
	at ru.rs.testcase.phones.server.data.JdbcHelper.getConnection(JdbcHelper.java:36)
	at ru.rs.testcase.phones.server.data.ContactsDaoImpl.findAllContacts(ContactsDaoImpl.java:43)
	at ru.rs.testcase.phones.server.rpc.handlers.GetContactsHandler.execute(GetContactsHandler.java:29)
	at ru.rs.testcase.phones.server.rpc.handlers.GetContactsHandler.execute(GetContactsHandler.java:1)
	at net.customware.gwt.dispatch.server.AbstractDispatch.doExecute(AbstractDispatch.java:81)
	at net.customware.gwt.dispatch.server.AbstractDispatch.execute(AbstractDispatch.java:68)
	at ru.rs.testcase.phones.server.rpc.DispatcherServlet.execute(DispatcherServlet.java:39)
	at sun.reflect.NativeMethodAccessorImpl.invoke0(Native Method)
	at sun.reflect.NativeMethodAccessorImpl.invoke(NativeMethodAccessorImpl.java:62)
	at sun.reflect.DelegatingMethodAccessorImpl.invoke(DelegatingMethodAccessorImpl.java:43)
	at java.lang.reflect.Method.invoke(Method.java:483)
	at com.google.gwt.user.server.rpc.RPC.invokeAndEncodeResponse(RPC.java:561)
	at com.google.gwt.user.server.rpc.RemoteServiceServlet.processCall(RemoteServiceServlet.java:265)
	at com.google.gwt.user.server.rpc.RemoteServiceServlet.processPost(RemoteServiceServlet.java:305)
	at com.google.gwt.user.server.rpc.AbstractRemoteServiceServlet.doPost(AbstractRemoteServiceServlet.java:62)
	at javax.servlet.http.HttpServlet.service(HttpServlet.java:755)
	at javax.servlet.http.HttpServlet.service(HttpServlet.java:848)
	at org.eclipse.jetty.servlet.ServletHolder.handle(ServletHolder.java:686)
	at org.eclipse.jetty.servlet.ServletHandler.doHandle(ServletHandler.java:501)
	at org.eclipse.jetty.server.handler.ScopedHandler.handle(ScopedHandler.java:137)
	at org.eclipse.jetty.security.SecurityHandler.handle(SecurityHandler.java:557)
	at org.eclipse.jetty.server.session.SessionHandler.doHandle(SessionHandler.java:231)
	at org.eclipse.jetty.server.handler.ContextHandler.doHandle(ContextHandler.java:1086)
	at org.eclipse.jetty.servlet.ServletHandler.doScope(ServletHandler.java:428)
	at org.eclipse.jetty.server.session.SessionHandler.doScope(SessionHandler.java:193)
	at org.eclipse.jetty.server.handler.ContextHandler.doScope(ContextHandler.java:1020)
	at org.eclipse.jetty.server.handler.ScopedHandler.handle(ScopedHandler.java:135)
	at org.eclipse.jetty.server.handler.HandlerWrapper.handle(HandlerWrapper.java:116)
	at org.eclipse.jetty.server.handler.RequestLogHandler.handle(RequestLogHandler.java:68)
	at org.eclipse.jetty.server.handler.HandlerWrapper.handle(HandlerWrapper.java:116)
	at org.eclipse.jetty.server.Server.handle(Server.java:370)
	at org.eclipse.jetty.server.AbstractHttpConnection.handleRequest(AbstractHttpConnection.java:489)
	at org.eclipse.jetty.server.AbstractHttpConnection.content(AbstractHttpConnection.java:960)
	at org.eclipse.jetty.server.AbstractHttpConnection$RequestHandler.content(AbstractHttpConnection.java:1021)
	at org.eclipse.jetty.http.HttpParser.parseNext(HttpParser.java:865)
	at org.eclipse.jetty.http.HttpParser.parseAvailable(HttpParser.java:240)
	at org.eclipse.jetty.server.AsyncHttpConnection.handle(AsyncHttpConnection.java:82)
	at org.eclipse.jetty.io.nio.SelectChannelEndPoint.handle(SelectChannelEndPoint.java:668)
	at org.eclipse.jetty.io.nio.SelectChannelEndPoint$1.run(SelectChannelEndPoint.java:52)
	at org.eclipse.jetty.util.thread.QueuedThreadPool.runJob(QueuedThreadPool.java:608)
	at org.eclipse.jetty.util.thread.QueuedThreadPool$3.run(QueuedThreadPool.java:543)
	at java.lang.Thread.run(Thread.java:745)
============= end nested exception, level (3) ===========
Cleanup action completed
